  Using 'git status' to determine working set for adaptive non-unity build (C:\Users\Tyler\Documents\Stony Brook Classes\CSE 381 Fall 2021\CSE-381_HW2).
  Parsing headers for FPSProjectEditor
    Running UnrealHeaderTool "C:\Users\Tyler\Documents\Stony Brook Classes\CSE 381 Fall 2021\CSE-381_HW2\FPSProject\FPSProject.uproject" "C:\Users\Tyler\Documents\Stony Brook Classes\CSE 381 Fall 2021\CSE-381_HW2\FPSProject\Intermediate\Build\Win64\FPSProjectEditor\Development\FPSProjectEditor.uhtmanifest" -LogCmds="loginit warning, logexit warning, logdatabase error" -Unattended -WarningsAsErrors -abslog="C:\Users\Tyler\AppData\Local\UnrealBuildTool\Log_UHT.txt" -installed
  LogInit: Display: Loading text-based GConfig....
  Reflection code generated for FPSProjectEditor in 27.9600752 seconds
  Building FPSProjectEditor...
  Using Visual Studio 2019 14.29.30136 toolchain (C:\Program Files (x86)\Microsoft Visual Studio\2019\Community\VC\Tools\MSVC\14.29.30133) and Windows 10.0.19041.0 SDK (C:\Program Files (x86)\Windows Kits\10).
  Building 6 actions with 24 processes...
    [1/6] FPSProject.init.gen.cpp
    [2/6] FPSProjectGameModeBase.gen.cpp
    [3/6] FPSProjectGameModeBase.cpp
    [4/6] UE4Editor-FPSProject-0033.lib
       Creating library C:\Users\Tyler\Documents\Stony Brook Classes\CSE 381 Fall 2021\CSE-381_HW2\FPSProject\Intermediate\Build\Win64\UE4Editor\Development\FPSProject\UE4Editor-FPSProject-0033.lib and object C:\Users\Tyler\Documents\Stony Brook Classes\CSE 381 Fall 2021\CSE-381_HW2\FPSProject\Intermediate\Build\Win64\UE4Editor\Development\FPSProject\UE4Editor-FPSProject-0033.exp
    [5/6] UE4Editor-FPSProject-0033.dll
       Creating library C:\Users\Tyler\Documents\Stony Brook Classes\CSE 381 Fall 2021\CSE-381_HW2\FPSProject\Intermediate\Build\Win64\UE4Editor\Development\FPSProject\UE4Editor-FPSProject-0033.suppressed.lib and object C:\Users\Tyler\Documents\Stony Brook Classes\CSE 381 Fall 2021\CSE-381_HW2\FPSProject\Intermediate\Build\Win64\UE4Editor\Development\FPSProject\UE4Editor-FPSProject-0033.suppressed.exp
FPSProjectGameModeBase.cpp.obj : error LNK2001: unresolved external symbol "public: virtual void __cdecl AFPSProjectGameModeBase::Tick(float)" (?Tick@AFPSProjectGameModeBase@@UEAAXM@Z)
FPSProjectGameModeBase.gen.cpp.obj : error LNK2001: unresolved external symbol "public: virtual void __cdecl AFPSProjectGameModeBase::Tick(float)" (?Tick@AFPSProjectGameModeBase@@UEAAXM@Z)
FPSProjectGameModeBase.cpp.obj : error LNK2001: unresolved external symbol "public: virtual void __cdecl AFPSProjectGameModeBase::CountdownHasFinished_Implementation(void)" (?CountdownHasFinished_Implementation@AFPSProjectGameModeBase@@UEAAXXZ)
FPSProjectGameModeBase.gen.cpp.obj : error LNK2001: unresolved external symbol "public: virtual void __cdecl AFPSProjectGameModeBase::CountdownHasFinished_Implementation(void)" (?CountdownHasFinished_Implementation@AFPSProjectGameModeBase@@UEAAXXZ)
C:\Users\Tyler\Documents\Stony Brook Classes\CSE 381 Fall 2021\CSE-381_HW2\FPSProject\Binaries\Win64\UE4Editor-FPSProject-0033.dll : fatal error LNK1120: 2 unresolved externals
C:\Program Files (x86)\Microsoft Visual Studio\2019\Community\MSBuild\Microsoft\VC\v160\Microsoft.MakeFile.Targets(45,5): error MSB3073: The command ""C:\Program Files\Epic Games\UE_4.27\Engine\Build\BatchFiles\Build.bat" FPSProjectEditor Win64 Development -Project="C:\Users\Tyler\Documents\Stony Brook Classes\CSE 381 Fall 2021\CSE-381_HW2\FPSProject\FPSProject.uproject" -WaitMutex -FromMsBuild" exited with code 6.
