Log file open, 10/17/21 22:50:33
LogWindows: Failed to load 'aqProf.dll' (GetLastError=126)
LogWindows: File 'aqProf.dll' does not exist
LogWindows: Failed to load 'VtuneApi.dll' (GetLastError=126)
LogWindows: File 'VtuneApi.dll' does not exist
LogWindows: Failed to load 'VtuneApi32e.dll' (GetLastError=126)
LogWindows: File 'VtuneApi32e.dll' does not exist
LogConsoleResponse: Display: Failed to find resolution value strings in scalability ini. Falling back to default.
LogConsoleResponse: Display: Failed to find resolution value strings in scalability ini. Falling back to default.
LogInit: Display: Running engine for game: FPSProject
LogPlatformFile: Not using cached read wrapper
LogTaskGraph: Started task graph with 5 named threads and 71 total threads with 3 sets of task threads.
LogStats: Stats thread started at 0.221940
LogICUInternationalization: ICU TimeZone Detection - Raw Offset: -5:00, Platform Override: ''
LogInit: Display: Loading text-based GConfig....
LogPluginManager: Mounting plugin MeshPainting
LogPluginManager: Mounting plugin XGEController
LogPluginManager: Mounting plugin LightPropagationVolume
LogPluginManager: Mounting plugin Paper2D
LogPluginManager: Mounting plugin LiveLink
LogPluginManager: Mounting plugin AISupport
LogPluginManager: Mounting plugin EnvironmentQueryEditor
LogPluginManager: Mounting plugin CLionSourceCodeAccess
LogPluginManager: Mounting plugin NullSourceCodeAccess
LogPluginManager: Mounting plugin CodeLiteSourceCodeAccess
LogPluginManager: Mounting plugin KDevelopSourceCodeAccess
LogPluginManager: Mounting plugin GitSourceControl
LogPluginManager: Mounting plugin PerforceSourceControl
LogPluginManager: Mounting plugin PixWinPlugin
LogPluginManager: Mounting plugin PluginUtils
LogPluginManager: Mounting plugin PlasticSourceControl
LogPluginManager: Mounting plugin TextureFormatOodle
LogPluginManager: Mounting plugin AnimationSharing
LogPluginManager: Mounting plugin VisualStudioSourceCodeAccess
LogPluginManager: Mounting plugin RiderSourceCodeAccess
LogPluginManager: Mounting plugin PropertyAccessNode
LogPluginManager: Mounting plugin VisualStudioCodeSourceCodeAccess
LogPluginManager: Mounting plugin SubversionSourceControl
LogPluginManager: Mounting plugin XCodeSourceCodeAccess
LogPluginManager: Mounting plugin UObjectPlugin
LogPluginManager: Mounting plugin MacGraphicsSwitching
LogPluginManager: Mounting plugin AssetManagerEditor
LogPluginManager: Mounting plugin CryptoKeys
LogPluginManager: Mounting plugin GameplayTagsEditor
LogPluginManager: Mounting plugin GeometryMode
LogPluginManager: Mounting plugin PluginBrowser
LogPluginManager: Mounting plugin CurveEditorTools
LogPluginManager: Mounting plugin SpeedTreeImporter
LogPluginManager: Mounting plugin MobileLauncherProfileWizard
LogPluginManager: Mounting plugin MaterialAnalyzer
LogPluginManager: Mounting plugin DataValidation
LogPluginManager: Mounting plugin FacialAnimation
LogPluginManager: Mounting plugin DatasmithContent
LogPluginManager: Mounting plugin AlembicImporter
LogPluginManager: Mounting plugin VariantManagerContent
LogPluginManager: Mounting plugin LuminPlatformFeatures
LogPluginManager: Mounting plugin Niagara
LogPluginManager: Mounting plugin AutomationUtils
LogPluginManager: Mounting plugin BackChannel
LogPluginManager: Mounting plugin MagicLeap
LogPluginManager: Mounting plugin ChaosCloth
LogPluginManager: Mounting plugin ChaosEditor
LogPluginManager: Mounting plugin ChaosClothEditor
LogPluginManager: Mounting plugin ChaosSolverPlugin
LogPluginManager: Mounting plugin MagicLeapMedia
LogPluginManager: Mounting plugin CharacterAI
LogPluginManager: Mounting plugin ChaosNiagara
LogPluginManager: Mounting plugin MagicLeapLightEstimation
LogPluginManager: Mounting plugin MagicLeapPassableWorld
LogPluginManager: Mounting plugin MLSDK
LogPluginManager: Mounting plugin AvfMedia
LogPluginManager: Mounting plugin AndroidMedia
LogPluginManager: Mounting plugin ImgMedia
LogPluginManager: Mounting plugin MediaCompositing
LogPluginManager: Mounting plugin WebMMedia
LogPluginManager: Mounting plugin MediaPlayerEditor
LogPluginManager: Mounting plugin WmfMedia
LogPluginManager: Mounting plugin GeometryCache
LogPluginManager: Mounting plugin GeometryCollectionPlugin
LogPluginManager: Mounting plugin MotoSynth
LogPluginManager: Mounting plugin PlatformCrypto
LogPluginManager: Mounting plugin GeometryProcessing
LogPluginManager: Mounting plugin ProxyLODPlugin
LogPluginManager: Mounting plugin OpenImageDenoise
LogPluginManager: Mounting plugin PlanarCut
LogPluginManager: Mounting plugin PythonScriptPlugin
LogPluginManager: Mounting plugin OnlineSubsystem
LogPluginManager: Mounting plugin TcpMessaging
LogPluginManager: Mounting plugin OnlineSubsystemNull
LogPluginManager: Mounting plugin UdpMessaging
LogPluginManager: Mounting plugin OnlineSubsystemUtils
LogPluginManager: Mounting plugin LevelSequenceEditor
LogPluginManager: Mounting plugin MatineeToLevelSequence
LogPluginManager: Mounting plugin LauncherChunkInstaller
LogPluginManager: Mounting plugin ActorSequence
LogPluginManager: Mounting plugin TemplateSequence
LogPluginManager: Mounting plugin AndroidDeviceProfileSelector
LogPluginManager: Mounting plugin ActorLayerUtilities
LogPluginManager: Mounting plugin AndroidPermission
LogPluginManager: Mounting plugin AppleImageUtils
LogPluginManager: Mounting plugin AppleMoviePlayer
LogPluginManager: Mounting plugin AssetTags
LogPluginManager: Mounting plugin ArchVisCharacter
LogPluginManager: Mounting plugin AndroidMoviePlayer
LogPluginManager: Mounting plugin SkeletalReduction
LogPluginManager: Mounting plugin AudioCapture
LogPluginManager: Mounting plugin AudioSynesthesia
LogPluginManager: Mounting plugin CustomMeshComponent
LogPluginManager: Mounting plugin ExampleDeviceProfileSelector
LogPluginManager: Mounting plugin CableComponent
LogPluginManager: Mounting plugin ChunkDownloader
LogPluginManager: Mounting plugin EditableMesh
LogPluginManager: Mounting plugin GoogleCloudMessaging
LogPluginManager: Mounting plugin GooglePAD
LogPluginManager: Mounting plugin ScreenshotTools
LogPluginManager: Mounting plugin LocationServicesBPLibrary
LogPluginManager: Mounting plugin LinuxDeviceProfileSelector
LogPluginManager: Mounting plugin IOSDeviceProfileSelector
LogPluginManager: Mounting plugin MobilePatchingUtils
LogPluginManager: Mounting plugin OpenXR
LogPluginManager: Mounting plugin OpenXREyeTracker
LogPluginManager: Mounting plugin PhysXVehicles
LogPluginManager: Mounting plugin OpenXRHandTracking
LogPluginManager: Mounting plugin ProceduralMeshComponent
LogPluginManager: Mounting plugin PostSplashScreen
LogPluginManager: Mounting plugin SignificanceManager
LogPluginManager: Mounting plugin SoundFields
LogPluginManager: Mounting plugin PropertyAccessEditor
LogPluginManager: Mounting plugin RuntimePhysXCooking
LogPluginManager: Mounting plugin Synthesis
LogPluginManager: Mounting plugin Takes
LogPluginManager: Mounting plugin WebMMoviePlayer
LogPluginManager: Mounting plugin WindowsMoviePlayer
LogPluginManager: Mounting plugin CameraShakePreviewer
LogPluginManager: Mounting plugin OodleData
LogPluginManager: Mounting plugin GameplayCameras
LogPluginManager: Mounting plugin OodleNetwork
LogPluginManager: Mounting plugin ContentBrowserAssetDataSource
LogPluginManager: Mounting plugin ContentBrowserClassDataSource
LogPluginManager: Mounting plugin ContentBrowserFileDataSource
LogPluginManager: Mounting plugin OnlineSubsystemGooglePlay
LogPluginManager: Mounting plugin OnlineSubsystemIOS
LogPluginManager: Mounting plugin OculusVR
LogPluginManager: Mounting plugin SteamVR
LogInit: Warning: Incompatible or missing module: FPSProject
Running C:/Program Files/Epic Games/UE_4.27/Engine/Binaries/DotNET/UnrealBuildTool.exe Development Win64 -Project="C:/Users/Tyler/Documents/Stony Brook Classes/CSE 381 Fall 2021/CSE-381_HW2/FPSProject/FPSProject.uproject" -TargetType=Editor -Progress -NoEngineChanges -NoHotReloadFromIDE
WARNING: Couldn't parse '<<<<<<< Updated upstream' in UnrealBuildTool.ConfigFileSection of C:\Users\Tyler\Documents\Stony Brook Classes\CSE 381 Fall 2021\CSE-381_HW2\FPSProject\Saved\Config\Windows\Engine.ini
WARNING: Couldn't parse '=======' in UnrealBuildTool.ConfigFileSection of C:\Users\Tyler\Documents\Stony Brook Classes\CSE 381 Fall 2021\CSE-381_HW2\FPSProject\Saved\Config\Windows\Engine.ini
WARNING: Couldn't parse '>>>>>>> Stashed changes' in UnrealBuildTool.ConfigFileSection of C:\Users\Tyler\Documents\Stony Brook Classes\CSE 381 Fall 2021\CSE-381_HW2\FPSProject\Saved\Config\Windows\Engine.ini
Using 'git status' to determine working set for adaptive non-unity build (C:\Users\Tyler\Documents\Stony Brook Classes\CSE 381 Fall 2021\CSE-381_HW2).
Creating makefile for FPSProjectEditor (build metadata has changed)
@progress push 5%
Parsing headers for FPSProjectEditor
  Running UnrealHeaderTool "C:\Users\Tyler\Documents\Stony Brook Classes\CSE 381 Fall 2021\CSE-381_HW2\FPSProject\FPSProject.uproject" "C:\Users\Tyler\Documents\Stony Brook Classes\CSE 381 Fall 2021\CSE-381_HW2\FPSProject\Intermediate\Build\Win64\FPSProjectEditor\Development\FPSProjectEditor.uhtmanifest" -LogCmds="loginit warning, logexit warning, logdatabase error" -Unattended -WarningsAsErrors -abslog="C:\Users\Tyler\AppData\Local\UnrealBuildTool\Log_UHT.txt" -installed
LogInit: Display: Loading text-based GConfig....
Reflection code generated for FPSProjectEditor in 3.3775192 seconds
@progress pop
Building FPSProjectEditor...
Using Visual Studio 2019 14.29.30136 toolchain (C:\Program Files (x86)\Microsoft Visual Studio\2019\Community\VC\Tools\MSVC\14.29.30133) and Windows 10.0.19041.0 SDK (C:\Program Files (x86)\Windows Kits\10).
Building 18 actions with 24 processes...
  @progress 'Compiling C++ source code...' 0%
  @progress 'Compiling C++ source code...' 6%
  [1/18] SharedPCH.Engine.ShadowErrors.cpp
  @progress 'Compiling C++ source code...' 11%
  [2/18] FPSProject.cpp
  @progress 'Compiling C++ source code...' 17%
  [3/18] FPSProject.init.gen.cpp
  @progress 'Compiling C++ source code...' 22%
  [4/18] FPSHUD.cpp
  @progress 'Compiling C++ source code...' 28%
  [5/18] Countdown.cpp
  C:\Users\Tyler\Documents\Stony Brook Classes\CSE 381 Fall 2021\CSE-381_HW2\FPSProject\Source\FPSProject\Countdown.cpp(38): warning C4996: 'UTextRenderComponent::SetText': Passing text as FString is deprecated, please use FText instead (likely via a LOCTEXT). Please update your code to the new API before upgrading to the next release, otherwise your project will no longer compile.
  C:\Users\Tyler\Documents\Stony Brook Classes\CSE 381 Fall 2021\CSE-381_HW2\FPSProject\Source\FPSProject\Countdown.cpp(56): warning C4996: 'UTextRenderComponent::SetText': Passing text as FString is deprecated, please use FText instead (likely via a LOCTEXT). Please update your code to the new API before upgrading to the next release, otherwise your project will no longer compile.
  @progress 'Compiling C++ source code...' 33%
  [6/18] JumpTriggerBox.gen.cpp
  @progress 'Compiling C++ source code...' 39%
  [7/18] FPSHUD.gen.cpp
  @progress 'Compiling C++ source code...' 44%
  [8/18] FPSProjectile.cpp
  @progress 'Compiling C++ source code...' 50%
  [9/18] FPSCharacter.gen.cpp
  @progress 'Compiling C++ source code...' 56%
  [10/18] FPSProjectGameModeBase.gen.cpp
  @progress 'Compiling C++ source code...' 61%
  [11/18] FPSCharacter.cpp
  @progress 'Compiling C++ source code...' 67%
  [12/18] FPSProjectGameModeBase.cpp
  @progress 'Compiling C++ source code...' 72%
  [13/18] JumpTriggerBox.cpp
  @progress 'Compiling C++ source code...' 78%
  [14/18] Countdown.gen.cpp
  @progress 'Compiling C++ source code...' 83%
  [15/18] FPSProjectile.gen.cpp
  @progress 'Compiling C++ source code...' 89%
  [16/18] UE4Editor-FPSProject.lib
     Creating library C:\Users\Tyler\Documents\Stony Brook Classes\CSE 381 Fall 2021\CSE-381_HW2\FPSProject\Intermediate\Build\Win64\UE4Editor\Development\FPSProject\UE4Editor-FPSProject.lib and object C:\Users\Tyler\Documents\Stony Brook Classes\CSE 381 Fall 2021\CSE-381_HW2\FPSProject\Intermediate\Build\Win64\UE4Editor\Development\FPSProject\UE4Editor-FPSProject.exp
  @progress 'Compiling C++ source code...' 94%
  [17/18] UE4Editor-FPSProject.dll
     Creating library C:\Users\Tyler\Documents\Stony Brook Classes\CSE 381 Fall 2021\CSE-381_HW2\FPSProject\Intermediate\Build\Win64\UE4Editor\Development\FPSProject\UE4Editor-FPSProject.suppressed.lib and object C:\Users\Tyler\Documents\Stony Brook Classes\CSE 381 Fall 2021\CSE-381_HW2\FPSProject\Intermediate\Build\Win64\UE4Editor\Development\FPSProject\UE4Editor-FPSProject.suppressed.exp
  FPSProjectGameModeBase.cpp.obj : error LNK2001: unresolved external symbol "public: virtual void __cdecl AFPSProjectGameModeBase::Tick(float)" (?Tick@AFPSProjectGameModeBase@@UEAAXM@Z)
  FPSProjectGameModeBase.gen.cpp.obj : error LNK2001: unresolved external symbol "public: virtual void __cdecl AFPSProjectGameModeBase::Tick(float)" (?Tick@AFPSProjectGameModeBase@@UEAAXM@Z)
  FPSProjectGameModeBase.cpp.obj : error LNK2001: unresolved external symbol "public: virtual void __cdecl AFPSProjectGameModeBase::CountdownHasFinished_Implementation(void)" (?CountdownHasFinished_Implementation@AFPSProjectGameModeBase@@UEAAXXZ)
  FPSProjectGameModeBase.gen.cpp.obj : error LNK2001: unresolved external symbol "public: virtual void __cdecl AFPSProjectGameModeBase::CountdownHasFinished_Implementation(void)" (?CountdownHasFinished_Implementation@AFPSProjectGameModeBase@@UEAAXXZ)
  C:\Users\Tyler\Documents\Stony Brook Classes\CSE 381 Fall 2021\CSE-381_HW2\FPSProject\Binaries\Win64\UE4Editor-FPSProject.dll : fatal error LNK1120: 2 unresolved externals
LogInit: Warning: Still incompatible or missing module: FPSProject
LogCore: Engine exit requested (reason: EngineExit() was called)
LogExit: Preparing to exit.
LogModuleManager: Shutting down and abandoning module DesktopPlatform (48)
LogModuleManager: Shutting down and abandoning module OodleDataCompressionFormat (46)
LogModuleManager: Shutting down and abandoning module PythonScriptPluginPreload (44)
LogModuleManager: Shutting down and abandoning module PlatformCryptoOpenSSL (42)
LogModuleManager: Shutting down and abandoning module PlatformCryptoTypes (40)
LogModuleManager: Shutting down and abandoning module PlatformCrypto (38)
LogModuleManager: Shutting down and abandoning module XGEController (36)
LogXGEController: Cannot use XGE Controller as Incredibuild is not installed on this machine.
LogModuleManager: Shutting down and abandoning module AnimationModifiers (34)
LogModuleManager: Shutting down and abandoning module AudioEditor (32)
LogModuleManager: Shutting down and abandoning module PropertyEditor (31)
LogModuleManager: Shutting down and abandoning module TextureCompressor (28)
LogModuleManager: Shutting down and abandoning module RenderCore (26)
LogModuleManager: Shutting down and abandoning module Landscape (24)
LogModuleManager: Shutting down and abandoning module SlateRHIRenderer (22)
LogModuleManager: Shutting down and abandoning module AnimGraphRuntime (20)
LogModuleManager: Shutting down and abandoning module Renderer (18)
LogModuleManager: Shutting down and abandoning module Engine (16)
LogModuleManager: Shutting down and abandoning module CoreUObject (14)
LogModuleManager: Shutting down and abandoning module NetworkFile (12)
LogModuleManager: Shutting down and abandoning module CookedIterativeFile (10)
LogModuleManager: Shutting down and abandoning module StreamingFile (8)
LogModuleManager: Shutting down and abandoning module SandboxFile (6)
LogModuleManager: Shutting down and abandoning module PakFile (4)
LogModuleManager: Shutting down and abandoning module RSA (3)
LogExit: Exiting.
Log file closed, 10/17/21 22:51:35
